{
  "profileName": "FlarBot",
  "jobId": "6426ca89-69d5-41e5-80fc-11ccc67959b3",
  "projectId": "30163.687988476395",
  "time": "2021-07-16T21:30:06.796Z",
  "log": [
    "Creating Azure resources...",
    "Checking the Existence of the Resource Group ...",
    "Creating Resource Group ...",
    "> Creating App Registration ...",
    "Start to add password for App, Id : 60d7068b-41cd-46d5-a1ac-0b8b94f47cbe",
    "> Create App Registration Success! ID: 60d7068b-41cd-46d5-a1ac-0b8b94f47cbe",
    "Deploying Web App Resource ...",
    "Deploying Bot Resource ...",
    "Deploying Cosmos DB Resource ...",
    "{\"stack\":\"Error: The subscription is not registered to use namespace 'Microsoft.DocumentDB'. See https://aka.ms/rps-not-found for how to register subscriptions.\\n    at new RestError2 (C:\\\\Users\\\\Kevin\\\\AppData\\\\Local\\\\Programs\\\\Bot Framework Composer\\\\resources\\\\app.asar.unpacked\\\\extensions\\\\azurePublish\\\\dist\\\\extension.js:159952:26)\\n    at C:\\\\Users\\\\Kevin\\\\AppData\\\\Local\\\\Programs\\\\Bot Framework Composer\\\\resources\\\\app.asar.unpacked\\\\extensions\\\\azurePublish\\\\dist\\\\extension.js:160885:27\\n    at async AzureResourceMananger.deployCosmosDBResource (C:\\\\Users\\\\Kevin\\\\AppData\\\\Local\\\\Programs\\\\Bot Framework Composer\\\\resources\\\\app.asar.unpacked\\\\extensions\\\\azurePublish\\\\dist\\\\extension.js:256612:37)\\n    at async BotProjectProvision.create (C:\\\\Users\\\\Kevin\\\\AppData\\\\Local\\\\Programs\\\\Bot Framework Composer\\\\resources\\\\app.asar.unpacked\\\\extensions\\\\azurePublish\\\\dist\\\\extension.js:257147:41)\\n    at async AzurePublisher.asyncProvision (C:\\\\Users\\\\Kevin\\\\AppData\\\\Local\\\\Programs\\\\Bot Framework Composer\\\\resources\\\\app.asar.unpacked\\\\extensions\\\\azurePublish\\\\dist\\\\extension.js:257626:34)\",\"message\":\"The subscription is not registered to use namespace 'Microsoft.DocumentDB'. See https://aka.ms/rps-not-found for how to register subscriptions.\",\"code\":\"MissingSubscriptionRegistration\",\"statusCode\":409,\"request\":{\"body\":\"{\\\"location\\\":\\\"eastus\\\",\\\"properties\\\":{\\\"locations\\\":[{\\\"locationName\\\":\\\"eastus\\\",\\\"failoverPriority\\\":0}],\\\"databaseAccountOfferType\\\":\\\"Standard\\\"}}\"},\"response\":{\"body\":\"{\\\"error\\\":{\\\"code\\\":\\\"MissingSubscriptionRegistration\\\",\\\"message\\\":\\\"The subscription is not registered to use namespace 'Microsoft.DocumentDB'. See https://aka.ms/rps-not-found for how to register subscriptions.\\\",\\\"details\\\":[{\\\"code\\\":\\\"MissingSubscriptionRegistration\\\",\\\"target\\\":\\\"Microsoft.DocumentDB\\\",\\\"message\\\":\\\"The subscription is not registered to use namespace 'Microsoft.DocumentDB'. See https://aka.ms/rps-not-found for how to register subscriptions.\\\"}]}}\"},\"body\":{\"message\":\"The subscription is not registered to use namespace 'Microsoft.DocumentDB'. See https://aka.ms/rps-not-found for how to register subscriptions.\",\"code\":\"MissingSubscriptionRegistration\"}}",
    "{\"name\":\"CREATE_COSMOSDB_ERROR\",\"message\":\"Error - The subscription is not registered to use namespace 'Microsoft.DocumentDB'. See https://aka.ms/rps-not-found for how to register subscriptions.\",\"stack\":\"Error\\n    at new CustomizeError (C:\\\\Users\\\\Kevin\\\\AppData\\\\Local\\\\Programs\\\\Bot Framework Composer\\\\resources\\\\app.asar.unpacked\\\\extensions\\\\azurePublish\\\\dist\\\\extension.js:255547:25)\\n    at createCustomizeError2 (C:\\\\Users\\\\Kevin\\\\AppData\\\\Local\\\\Programs\\\\Bot Framework Composer\\\\resources\\\\app.asar.unpacked\\\\extensions\\\\azurePublish\\\\dist\\\\extension.js:255552:10)\\n    at AzureResourceMananger.deployCosmosDBResource (C:\\\\Users\\\\Kevin\\\\AppData\\\\Local\\\\Programs\\\\Bot Framework Composer\\\\resources\\\\app.asar.unpacked\\\\extensions\\\\azurePublish\\\\dist\\\\extension.js:256698:13)\"}",
    "Provisioning completed 3 items before encountering a problem. {\"name\":\"CREATE_COSMOSDB_ERROR\",\"message\":\"Error - The subscription is not registered to use namespace 'Microsoft.DocumentDB'. See https://aka.ms/rps-not-found for how to register subscriptions.\",\"stack\":\"Error\\n    at new CustomizeError (C:\\\\Users\\\\Kevin\\\\AppData\\\\Local\\\\Programs\\\\Bot Framework Composer\\\\resources\\\\app.asar.unpacked\\\\extensions\\\\azurePublish\\\\dist\\\\extension.js:255547:25)\\n    at createCustomizeError2 (C:\\\\Users\\\\Kevin\\\\AppData\\\\Local\\\\Programs\\\\Bot Framework Composer\\\\resources\\\\app.asar.unpacked\\\\extensions\\\\azurePublish\\\\dist\\\\extension.js:255552:10)\\n    at AzureResourceMananger.deployCosmosDBResource (C:\\\\Users\\\\Kevin\\\\AppData\\\\Local\\\\Programs\\\\Bot Framework Composer\\\\resources\\\\app.asar.unpacked\\\\extensions\\\\azurePublish\\\\dist\\\\extension.js:256698:13)\"}. See provision.FlarBot.log in your bot folder"
  ]
}
